This is pdfTeX, Version 3.14159265-2.6-1.40.16 (TeX Live 2015/Arch Linux) (preloaded format=pdflatex 2015.12.7)  13 FEB 2016 14:16
entering extended mode
 restricted \write18 enabled.
 %&-line parsing enabled.
**Vogel_EX1.tex
(./Vogel_EX1.tex
LaTeX2e <2015/10/01> patch level 2
Babel <3.9m> and hyphenation patterns for 79 languages loaded.
(/usr/share/texmf-dist/tex/latex/base/article.cls
Document Class: article 2014/09/29 v1.4h Standard LaTeX document class
(/usr/share/texmf-dist/tex/latex/base/size10.clo
File: size10.clo 2014/09/29 v1.4h Standard LaTeX file (size option)
)
\c@part=\count79
\c@section=\count80
\c@subsection=\count81
\c@subsubsection=\count82
\c@paragraph=\count83
\c@subparagraph=\count84
\c@figure=\count85
\c@table=\count86
\abovecaptionskip=\skip41
\belowcaptionskip=\skip42
\bibindent=\dimen102
)
(/usr/share/texmf-dist/tex/latex/geometry/geometry.sty
Package: geometry 2010/09/12 v5.6 Page Geometry

(/usr/share/texmf-dist/tex/latex/graphics/keyval.sty
Package: keyval 2014/10/28 v1.15 key=value parser (DPC)
\KV@toks@=\toks14
)
(/usr/share/texmf-dist/tex/generic/oberdiek/ifpdf.sty
Package: ifpdf 2011/01/30 v2.3 Provides the ifpdf switch (HO)
Package ifpdf Info: pdfTeX in PDF mode is detected.
)
(/usr/share/texmf-dist/tex/generic/oberdiek/ifvtex.sty
Package: ifvtex 2010/03/01 v1.5 Detect VTeX and its facilities (HO)
Package ifvtex Info: VTeX not detected.
)
(/usr/share/texmf-dist/tex/generic/ifxetex/ifxetex.sty
Package: ifxetex 2010/09/12 v0.6 Provides ifxetex conditional
)
\Gm@cnth=\count87
\Gm@cntv=\count88
\c@Gm@tempcnt=\count89
\Gm@bindingoffset=\dimen103
\Gm@wd@mp=\dimen104
\Gm@odd@mp=\dimen105
\Gm@even@mp=\dimen106
\Gm@layoutwidth=\dimen107
\Gm@layoutheight=\dimen108
\Gm@layouthoffset=\dimen109
\Gm@layoutvoffset=\dimen110
\Gm@dimlist=\toks15
)
(/usr/share/texmf-dist/tex/latex/amsmath/amsmath.sty
Package: amsmath 2013/01/14 v2.14 AMS math features
\@mathmargin=\skip43

For additional information on amsmath, use the `?' option.
(/usr/share/texmf-dist/tex/latex/amsmath/amstext.sty
Package: amstext 2000/06/29 v2.01

(/usr/share/texmf-dist/tex/latex/amsmath/amsgen.sty
File: amsgen.sty 1999/11/30 v2.0
\@emptytoks=\toks16
\ex@=\dimen111
))
(/usr/share/texmf-dist/tex/latex/amsmath/amsbsy.sty
Package: amsbsy 1999/11/29 v1.2d
\pmbraise@=\dimen112
)
(/usr/share/texmf-dist/tex/latex/amsmath/amsopn.sty
Package: amsopn 1999/12/14 v2.01 operator names
)
\inf@bad=\count90
LaTeX Info: Redefining \frac on input line 210.
\uproot@=\count91
\leftroot@=\count92
LaTeX Info: Redefining \overline on input line 306.
\classnum@=\count93
\DOTSCASE@=\count94
LaTeX Info: Redefining \ldots on input line 378.
LaTeX Info: Redefining \dots on input line 381.
LaTeX Info: Redefining \cdots on input line 466.
\Mathstrutbox@=\box26
\strutbox@=\box27
\big@size=\dimen113
LaTeX Font Info:    Redeclaring font encoding OML on input line 566.
LaTeX Font Info:    Redeclaring font encoding OMS on input line 567.
\macc@depth=\count95
\c@MaxMatrixCols=\count96
\dotsspace@=\muskip10
\c@parentequation=\count97
\dspbrk@lvl=\count98
\tag@help=\toks17
\row@=\count99
\column@=\count100
\maxfields@=\count101
\andhelp@=\toks18
\eqnshift@=\dimen114
\alignsep@=\dimen115
\tagshift@=\dimen116
\tagwidth@=\dimen117
\totwidth@=\dimen118
\lineht@=\dimen119
\@envbody=\toks19
\multlinegap=\skip44
\multlinetaggap=\skip45
\mathdisplay@stack=\toks20
LaTeX Info: Redefining \[ on input line 2665.
LaTeX Info: Redefining \] on input line 2666.
)
(/usr/share/texmf-dist/tex/latex/graphics/graphicx.sty
Package: graphicx 2014/10/28 v1.0g Enhanced LaTeX Graphics (DPC,SPQR)

(/usr/share/texmf-dist/tex/latex/graphics/graphics.sty
Package: graphics 2014/10/28 v1.0p Standard LaTeX Graphics (DPC,SPQR)

(/usr/share/texmf-dist/tex/latex/graphics/trig.sty
Package: trig 1999/03/16 v1.09 sin cos tan (DPC)
)
(/usr/share/texmf-dist/tex/latex/latexconfig/graphics.cfg
File: graphics.cfg 2010/04/23 v1.9 graphics configuration of TeX Live
)
Package graphics Info: Driver file: pdftex.def on input line 94.

(/usr/share/texmf-dist/tex/latex/pdftex-def/pdftex.def
File: pdftex.def 2011/05/27 v0.06d Graphics/color for pdfTeX

(/usr/share/texmf-dist/tex/generic/oberdiek/infwarerr.sty
Package: infwarerr 2010/04/08 v1.3 Providing info/warning/error messages (HO)
)
(/usr/share/texmf-dist/tex/generic/oberdiek/ltxcmds.sty
Package: ltxcmds 2011/11/09 v1.22 LaTeX kernel commands for general use (HO)
)
\Gread@gobject=\count102
))
\Gin@req@height=\dimen120
\Gin@req@width=\dimen121
)
(/usr/share/texmf-dist/tex/latex/tabu/tabu.sty
Package: tabu 2011/02/26 v2.8 - flexible LaTeX tabulars (FC)

(/usr/share/texmf-dist/tex/latex/tools/array.sty
Package: array 2014/10/28 v2.4c Tabular extension package (FMi)
\col@sep=\dimen122
\extrarowheight=\dimen123
\NC@list=\toks21
\extratabsurround=\skip46
\backup@length=\skip47
)
(/usr/share/texmf-dist/tex/latex/varwidth/varwidth.sty
Package: varwidth 2009/03/30 ver 0.92;  Variable-width minipages
\@vwid@box=\box28
\sift@deathcycles=\count103
\@vwid@loff=\dimen124
\@vwid@roff=\dimen125
)
\c@taburow=\count104
\tabu@nbcols=\count105
\tabu@cnt=\count106
\tabu@Xcol=\count107
\tabu@alloc=\count108
\tabu@nested=\count109
\tabu@target=\dimen126
\tabu@spreadtarget=\dimen127
\tabu@naturalX=\dimen128
\tabucolX=\dimen129
\tabu@Xsum=\dimen130
\extrarowdepth=\dimen131
\abovetabulinesep=\dimen132
\belowtabulinesep=\dimen133
\tabustrutrule=\dimen134
\tabu@thebody=\toks22
\tabu@footnotes=\toks23
\tabu@box=\box29
\tabu@arstrutbox=\box30
\tabu@hleads=\box31
\tabu@vleads=\box32
\tabu@cellskip=\skip48
)
(/usr/share/texmf-dist/tex/latex/float/float.sty
Package: float 2001/11/08 v1.3d Float enhancements (AL)
\c@float@type=\count110
\float@exts=\toks24
\float@box=\box33
\@float@everytoks=\toks25
\@floatcapt=\box34
)
(/usr/share/texmf-dist/tex/latex/listings/listings.sty
\lst@mode=\count111
\lst@gtempboxa=\box35
\lst@token=\toks26
\lst@length=\count112
\lst@currlwidth=\dimen135
\lst@column=\count113
\lst@pos=\count114
\lst@lostspace=\dimen136
\lst@width=\dimen137
\lst@newlines=\count115
\lst@lineno=\count116
\lst@maxwidth=\dimen138

(/usr/share/texmf-dist/tex/latex/listings/lstmisc.sty
File: lstmisc.sty 2015/06/04 1.6 (Carsten Heinz)
\c@lstnumber=\count117
\lst@skipnumbers=\count118
\lst@framebox=\box36
)
(/usr/share/texmf-dist/tex/latex/listings/listings.cfg
File: listings.cfg 2015/06/04 1.6 listings configuration
))
Package: listings 2015/06/04 1.6 (Carsten Heinz)

(/usr/share/texmf-dist/tex/latex/graphics/color.sty
Package: color 2014/10/28 v1.1a Standard LaTeX Color (DPC)

(/usr/share/texmf-dist/tex/latex/latexconfig/color.cfg
File: color.cfg 2007/01/18 v1.5 color configuration of teTeX/TeXLive
)
Package color Info: Driver file: pdftex.def on input line 142.
)
(/usr/share/texmf-dist/tex/latex/caption/caption.sty
Package: caption 2015/09/17 v3.3-111 Customizing captions (AR)

(/usr/share/texmf-dist/tex/latex/caption/caption3.sty
Package: caption3 2015/09/20 v1.7-115 caption3 kernel (AR)
Package caption3 Info: TeX engine: e-TeX on input line 57.
\captionmargin=\dimen139
\captionmargin@=\dimen140
\captionwidth=\dimen141
\caption@tempdima=\dimen142
\caption@indent=\dimen143
\caption@parindent=\dimen144
\caption@hangindent=\dimen145
)
\c@ContinuedFloat=\count119
Package caption Info: float package is loaded.
Package caption Info: listings package is loaded.
) (./Vogel_EX1.aux)
\openout1 = `Vogel_EX1.aux'.

LaTeX Font Info:    Checking defaults for OML/cmm/m/it on input line 17.
LaTeX Font Info:    ... okay on input line 17.
LaTeX Font Info:    Checking defaults for T1/cmr/m/n on input line 17.
LaTeX Font Info:    ... okay on input line 17.
LaTeX Font Info:    Checking defaults for OT1/cmr/m/n on input line 17.
LaTeX Font Info:    ... okay on input line 17.
LaTeX Font Info:    Checking defaults for OMS/cmsy/m/n on input line 17.
LaTeX Font Info:    ... okay on input line 17.
LaTeX Font Info:    Checking defaults for OMX/cmex/m/n on input line 17.
LaTeX Font Info:    ... okay on input line 17.
LaTeX Font Info:    Checking defaults for U/cmr/m/n on input line 17.
LaTeX Font Info:    ... okay on input line 17.

*geometry* driver: auto-detecting
*geometry* detected driver: pdftex
*geometry* verbose mode - [ preamble ] result:
* driver: pdftex
* paper: <default>
* layout: <same size as paper>
* layoutoffset:(h,v)=(0.0pt,0.0pt)
* modes: 
* h-part:(L,W,R)=(72.26999pt, 469.75502pt, 72.26999pt)
* v-part:(T,H,B)=(72.26999pt, 650.43001pt, 72.26999pt)
* \paperwidth=614.295pt
* \paperheight=794.96999pt
* \textwidth=469.75502pt
* \textheight=650.43001pt
* \oddsidemargin=0.0pt
* \evensidemargin=0.0pt
* \topmargin=-37.0pt
* \headheight=12.0pt
* \headsep=25.0pt
* \topskip=10.0pt
* \footskip=30.0pt
* \marginparwidth=65.0pt
* \marginparsep=11.0pt
* \columnsep=10.0pt
* \skip\footins=9.0pt plus 4.0pt minus 2.0pt
* \hoffset=0.0pt
* \voffset=0.0pt
* \mag=1000
* \@twocolumnfalse
* \@twosidefalse
* \@mparswitchfalse
* \@reversemarginfalse
* (1in=72.27pt=25.4mm, 1cm=28.453pt)

(/usr/share/texmf-dist/tex/context/base/supp-pdf.mkii
[Loading MPS to PDF converter (version 2006.09.02).]
\scratchcounter=\count120
\scratchdimen=\dimen146
\scratchbox=\box37
\nofMPsegments=\count121
\nofMParguments=\count122
\everyMPshowfont=\toks27
\MPscratchCnt=\count123
\MPscratchDim=\dimen147
\MPnumerator=\count124
\makeMPintoPDFobject=\count125
\everyMPtoPDFconversion=\toks28
) (/usr/share/texmf-dist/tex/generic/oberdiek/pdftexcmds.sty
Package: pdftexcmds 2011/11/29 v0.20 Utility functions of pdfTeX for LuaTeX (HO
)

(/usr/share/texmf-dist/tex/generic/oberdiek/ifluatex.sty
Package: ifluatex 2010/03/01 v1.3 Provides the ifluatex switch (HO)
Package ifluatex Info: LuaTeX not detected.
)
Package pdftexcmds Info: LuaTeX not detected.
Package pdftexcmds Info: \pdf@primitive is available.
Package pdftexcmds Info: \pdf@ifprimitive is available.
Package pdftexcmds Info: \pdfdraftmode found.
)
(/usr/share/texmf-dist/tex/latex/oberdiek/epstopdf-base.sty
Package: epstopdf-base 2010/02/09 v2.5 Base part for package epstopdf

(/usr/share/texmf-dist/tex/latex/oberdiek/grfext.sty
Package: grfext 2010/08/19 v1.1 Manage graphics extensions (HO)

(/usr/share/texmf-dist/tex/generic/oberdiek/kvdefinekeys.sty
Package: kvdefinekeys 2011/04/07 v1.3 Define keys (HO)
))
(/usr/share/texmf-dist/tex/latex/oberdiek/kvoptions.sty
Package: kvoptions 2011/06/30 v3.11 Key value format for package options (HO)

(/usr/share/texmf-dist/tex/generic/oberdiek/kvsetkeys.sty
Package: kvsetkeys 2012/04/25 v1.16 Key value parser (HO)

(/usr/share/texmf-dist/tex/generic/oberdiek/etexcmds.sty
Package: etexcmds 2011/02/16 v1.5 Avoid name clashes with e-TeX commands (HO)
Package etexcmds Info: Could not find \expanded.
(etexcmds)             That can mean that you are not using pdfTeX 1.50 or
(etexcmds)             that some package has redefined \expanded.
(etexcmds)             In the latter case, load this package earlier.
)))
Package grfext Info: Graphics extension search list:
(grfext)             [.png,.pdf,.jpg,.mps,.jpeg,.jbig2,.jb2,.PNG,.PDF,.JPG,.JPE
G,.JBIG2,.JB2,.eps]
(grfext)             \AppendGraphicsExtensions on input line 452.

(/usr/share/texmf-dist/tex/latex/latexconfig/epstopdf-sys.cfg
File: epstopdf-sys.cfg 2010/07/13 v1.3 Configuration of (r)epstopdf for TeX Liv
e
))
\c@lstlisting=\count126
Package caption Info: Begin \AtBeginDocument code.
Package caption Info: End \AtBeginDocument code.

<p1.png, id=1, 508.90125pt x 291.58937pt>
File: p1.png Graphic file (type png)
 <use p1.png>
Package pdftex.def Info: p1.png used on input line 30.
(pdftex.def)             Requested size: 375.80544pt x 215.33672pt.
 [1

{/var/lib/texmf/fonts/map/pdftex/updmap/pdftex.map} <./p1.png>]
Underfull \hbox (badness 10000) in paragraph at lines 43--46

 []

<4_RM.png, id=13, 735.49782pt x 256.70906pt>
File: 4_RM.png Graphic file (type png)
 <use 4_RM.png>
Package pdftex.def Info: 4_RM.png used on input line 53.
(pdftex.def)             Requested size: 375.80544pt x 131.17056pt.

<4_LLF.png, id=14, 655.69969pt x 244.66406pt>
File: 4_LLF.png Graphic file (type png)
 <use 4_LLF.png>
Package pdftex.def Info: 4_LLF.png used on input line 58.
(pdftex.def)             Requested size: 375.80544pt x 140.22527pt.

<4_EDF.png, id=15, 749.04843pt x 251.43938pt>
File: 4_EDF.png Graphic file (type png)
 <use 4_EDF.png>
Package pdftex.def Info: 4_EDF.png used on input line 63.
(pdftex.def)             Requested size: 375.80544pt x 126.14908pt.
 [2 <./4_RM.png>]
<5_RM.png, id=21, 785.18344pt x 350.81062pt>
File: 5_RM.png Graphic file (type png)
 <use 5_RM.png>
Package pdftex.def Info: 5_RM.png used on input line 70.
(pdftex.def)             Requested size: 375.80544pt x 167.91077pt.

<5_LLF.png, id=22, 654.94687pt x 341.02406pt>
File: 5_LLF.png Graphic file (type png)
 <use 5_LLF.png>
Package pdftex.def Info: 5_LLF.png used on input line 75.
(pdftex.def)             Requested size: 375.80544pt x 195.67622pt.

<5_EDF.png, id=23, 740.0147pt x 346.29375pt>
File: 5_EDF.png Graphic file (type png)
 <use 5_EDF.png>
Package pdftex.def Info: 5_EDF.png used on input line 80.
(pdftex.def)             Requested size: 375.80544pt x 175.86243pt.
 [3 <./4_LLF.png> <./4_EDF.png> <./5_RM.png>] <6_RM.png, id=30, 661.72218pt x 3
80.92313pt>
File: 6_RM.png Graphic file (type png)

<use 6_RM.png>
Package pdftex.def Info: 6_RM.png used on input line 87.
(pdftex.def)             Requested size: 375.80544pt x 216.33212pt.
 <6_LLF.png, id=31, 666.99188pt x 368.87813pt>
File: 6_LLF.png Graphic file (type png)
 <use 6_LLF.png>
Package pdftex.def Info: 6_LLF.png used on input line 92.
(pdftex.def)             Requested size: 375.80544pt x 207.84239pt.

[4 <./5_LLF.png> <./5_EDF.png>] <6_EDF.png, id=37, 667.74469pt x 389.95688pt>
File: 6_EDF.png Graphic file (type png)

<use 6_EDF.png>
Package pdftex.def Info: 6_EDF.png used on input line 97.
(pdftex.def)             Requested size: 375.80544pt x 219.46921pt.
 [5 <./6_RM.png> <./6_LLF.png>]
<7_RM.png, id=43, 663.22781pt x 362.85562pt>
File: 7_RM.png Graphic file (type png)
 <use 7_RM.png>
Package pdftex.def Info: 7_RM.png used on input line 104.
(pdftex.def)             Requested size: 375.80544pt x 205.60623pt.

<7_LLF.png, id=44, 659.46375pt x 345.54094pt>
File: 7_LLF.png Graphic file (type png)
 <use 7_LLF.png>
Package pdftex.def Info: 7_LLF.png used on input line 109.
(pdftex.def)             Requested size: 375.80544pt x 196.9182pt.

<7_EDF.png, id=45, 666.23906pt x 353.82187pt>
File: 7_EDF.png Graphic file (type png)
 <use 7_EDF.png>
Package pdftex.def Info: 7_EDF.png used on input line 114.
(pdftex.def)             Requested size: 375.80544pt x 199.58578pt.
 [6 <./6_EDF.png> <./7_RM.png>] <8_RM.png, id=51, 663.22781pt x 376.40625pt>
File: 8_RM.png Graphic file (type png)
 <use 8_RM.png>
Package pdftex.def Info: 8_RM.png used on input line 121.
(pdftex.def)             Requested size: 375.80544pt x 213.28447pt.

<8_LLF.png, id=52, 658.71094pt x 380.17032pt>
File: 8_LLF.png Graphic file (type png)
 <use 8_LLF.png>
Package pdftex.def Info: 8_LLF.png used on input line 126.
(pdftex.def)             Requested size: 375.80544pt x 216.89656pt.
 [7 <./7_LLF.png> <./7_EDF.png>] <8_EDF.png, id=59, 654.19406pt x 380.92313pt>
File: 8_EDF.png Graphic file (type png)
 <use 8_EDF.png>
Package pdftex.def Info: 8_EDF.png used on input line 131.
(pdftex.def)             Requested size: 375.80544pt x 218.81984pt.

[8 <./8_RM.png> <./8_LLF.png>]
LaTeX Font Info:    Try loading font information for OMS+cmr on input line 138.

 (/usr/share/texmf-dist/tex/latex/base/omscmr.fd
File: omscmr.fd 2014/09/29 v2.5h Standard LaTeX font definitions
)
LaTeX Font Info:    Font shape `OMS/cmr/m/n' in size <10> not available
(Font)              Font shape `OMS/cmsy/m/n' tried instead on input line 138.
[9 <./8_EDF.png>] [10] (./Vogel_EX1.aux) ) 
Here is how much of TeX's memory you used:
 5736 strings out of 493054
 83997 string characters out of 6140586
 162918 words of memory out of 5000000
 9185 multiletter control sequences out of 15000+600000
 8569 words of font info for 31 fonts, out of 8000000 for 9000
 1141 hyphenation exceptions out of 8191
 38i,7n,38p,589b,285s stack positions out of 5000i,500n,10000p,200000b,80000s
</usr/share/texmf-dist/fonts/type1/pu
blic/amsfonts/cm/cmbx10.pfb></usr/share/texmf-dist/fonts/type1/public/amsfonts/
cm/cmbx12.pfb></usr/share/texmf-dist/fonts/type1/public/amsfonts/cm/cmr10.pfb><
/usr/share/texmf-dist/fonts/type1/public/amsfonts/cm/cmr12.pfb></usr/share/texm
f-dist/fonts/type1/public/amsfonts/cm/cmr17.pfb></usr/share/texmf-dist/fonts/ty
pe1/public/amsfonts/cm/cmsy10.pfb>
Output written on Vogel_EX1.pdf (10 pages, 804145 bytes).
PDF statistics:
 94 PDF objects out of 1000 (max. 8388607)
 43 compressed objects within 1 object stream
 0 named destinations out of 1000 (max. 500000)
 81 words of extra memory for PDF output out of 10000 (max. 10000000)

